{"C:\\Users\\KevinComba\\Desktop\\New folder (2)\\Teach2Give-Js\\unit-testing\\src\\API.js": {"path":"C:\\Users\\KevinComba\\Desktop\\New folder (2)\\Teach2Give-Js\\unit-testing\\src\\API.js","statementMap":{"0":{"start":{"line":8,"column":8},"end":{"line":17,"column":10}},"1":{"start":{"line":9,"column":12},"end":{"line":16,"column":20}},"2":{"start":{"line":10,"column":16},"end":{"line":15,"column":18}},"3":{"start":{"line":26,"column":8},"end":{"line":34,"column":11}},"4":{"start":{"line":27,"column":12},"end":{"line":33,"column":21}},"5":{"start":{"line":28,"column":16},"end":{"line":32,"column":19}},"6":{"start":{"line":38,"column":8},"end":{"line":46,"column":11}},"7":{"start":{"line":39,"column":12},"end":{"line":45,"column":22}},"8":{"start":{"line":40,"column":16},"end":{"line":44,"column":19}},"9":{"start":{"line":50,"column":0},"end":{"line":50,"column":21}}},"fnMap":{"0":{"name":"(anonymous_0)","decl":{"start":{"line":7,"column":4},"end":{"line":7,"column":5}},"loc":{"start":{"line":7,"column":17},"end":{"line":18,"column":5}},"line":7},"1":{"name":"(anonymous_1)","decl":{"start":{"line":8,"column":27},"end":{"line":8,"column":28}},"loc":{"start":{"line":8,"column":40},"end":{"line":17,"column":9}},"line":8},"2":{"name":"(anonymous_2)","decl":{"start":{"line":9,"column":23},"end":{"line":9,"column":24}},"loc":{"start":{"line":9,"column":29},"end":{"line":16,"column":13}},"line":9},"3":{"name":"(anonymous_3)","decl":{"start":{"line":25,"column":4},"end":{"line":25,"column":5}},"loc":{"start":{"line":25,"column":20},"end":{"line":35,"column":5}},"line":25},"4":{"name":"(anonymous_4)","decl":{"start":{"line":26,"column":27},"end":{"line":26,"column":28}},"loc":{"start":{"line":26,"column":40},"end":{"line":34,"column":9}},"line":26},"5":{"name":"(anonymous_5)","decl":{"start":{"line":27,"column":23},"end":{"line":27,"column":24}},"loc":{"start":{"line":27,"column":29},"end":{"line":33,"column":13}},"line":27},"6":{"name":"(anonymous_6)","decl":{"start":{"line":37,"column":4},"end":{"line":37,"column":5}},"loc":{"start":{"line":37,"column":30},"end":{"line":47,"column":5}},"line":37},"7":{"name":"(anonymous_7)","decl":{"start":{"line":38,"column":27},"end":{"line":38,"column":28}},"loc":{"start":{"line":38,"column":40},"end":{"line":46,"column":9}},"line":38},"8":{"name":"(anonymous_8)","decl":{"start":{"line":39,"column":23},"end":{"line":39,"column":24}},"loc":{"start":{"line":39,"column":29},"end":{"line":45,"column":13}},"line":39}},"branchMap":{},"s":{"0":1,"1":1,"2":1,"3":1,"4":1,"5":1,"6":0,"7":0,"8":0,"9":1},"f":{"0":1,"1":1,"2":1,"3":1,"4":1,"5":1,"6":0,"7":0,"8":0},"b":{},"_coverageSchema":"1a1c01bbd47fc00a2c39e90264f33305004495a9","hash":"1e3a06d900debf64c5ffcc5e0688f0b216c94845"}
}
